<?xml version="1.0" encoding="utf-8"?><testsuites name="pytest tests"><testsuite name="pytest" errors="0" failures="0" skipped="0" tests="24" time="6.108" timestamp="2026-08-24T13:29:12.281312+00:00" hostname="agent-env-8631dd34-1541-4bbb-9ee1-6b605d834039"><testcase classname="tests.backend_test.TestAuth" name="test_login_owner" time="0.763" /><testcase classname="tests.backend_test.TestAuth" name="test_login_cashier" time="0.510" /><testcase classname="tests.backend_test.TestCheckout" name="test_checkout_cash" time="1.844" /><testcase classname="tests.backend_test.TestAuth" name="test_login_invalid" time="0.385" /><testcase classname="tests.backend_test.TestAuth" name="test_me_requires_auth" time="0.180" /><testcase classname="tests.backend_test.TestCheckout" name="test_insufficient_cash" time="0.419" /><testcase classname="tests.backend_test.TestAuth" name="test_me_owner" time="0.549" /><testcase classname="tests.backend_test.TestCheckout" name="test_idempotency" time="0.513" /><testcase classname="tests.backend_test.TestStock" name="test_adjust_in_out" time="0.643" /><testcase classname="tests.backend_test.TestCheckout" name="test_empty_cart" time="0.138" /><testcase classname="tests.backend_test.TestCheckout" name="test_list_transactions" time="0.293" /><testcase classname="tests.backend_test.TestStock" name="test_cannot_negative" time="0.269" /><testcase classname="tests.backend_test.TestProducts" name="test_list_products" time="0.169" /><testcase classname="tests.backend_test.TestProducts" name="test_cashier_cannot_create" time="0.322" /><testcase classname="tests.backend_test.TestStock" name="test_cashier_cannot_adjust" time="0.870" /><testcase classname="tests.backend_test.TestProducts" name="test_owner_crud" time="0.952" /><testcase classname="tests.backend_test.TestStock" name="test_movements" time="0.219" /><testcase classname="tests.backend_test.TestSettings" name="test_get_settings" time="0.126" /><testcase classname="tests.backend_test.TestSettings" name="test_update_settings_owner" time="0.489" /><testcase classname="tests.backend_test.TestOrders" name="test_orders_and_status_flow" time="0.623" /><testcase classname="tests.backend_test.TestSettings" name="test_cashier_cannot_update_settings" time="0.260" /><testcase classname="tests.backend_test.TestReports" name="test_dashboard_owner" time="0.139" /><testcase classname="tests.backend_test.TestOrders" name="test_invalid_status" time="0.304" /><testcase classname="tests.backend_test.TestReports" name="test_dashboard_cashier_forbidden" time="0.178" /></testsuite></testsuites>